619.036
590.736
576.905
549.27
537.498
527.545
511.998
501.159
490.228
479.782
458.811
449.536
436.42
419.226
405.137
395.702
385.498
377.286
370.358
362.92
354.836
351.231
349.589
341.889
333.882
327.816
320.096
314.691
312.047
306.797
302.686
290.717
285.687
280.458
278.803
272.147
265.294
262.229
251.707
244.337
242.354
239.838
232.597
226.519
225.659
217.786
214.03
213.835
206.278
203.171
203.171
195.105
195.105
190.148
186.367
183.011
176.612
176.034
171.213
166.421
166.149
163.957
161.171
155.452
152.37
149.263
146.645
142.813
142.568
134.078
130.523
127.869
127.869
122.153
122.153
117.941
113.297
111.031
111.031
109.148
105.531
100.146
99.2669
96.2217
94.6089
93.2897
93.2442
90.199
90.1631
89.1274
82.8978
80.6824
80.6824
78.3881
77.245
74.68
73.2611
71.5048
70.3101
69.5251
68.1965
66.7902
66.2498
64.3141
62.9856
61.3105
61.3105
60.192
59.3057
57.8379
56.188
56.188
54.6757
54.6757
53.0059
52.5893
51.9175
49.3139
49.0677
46.362
45.0687
43.3494
42.2291
41.4898
40.7092
39.5581
38.8149
37.86
37.8548
37.0141
36.3364
35.3137
35.2919
34.9114
33.3918
32.3115
32.3115
31.8887
30.7887
30.0573
30.0573
29.7035
28.8815
28.8815
28.4801
27.5118
26.7829
26.4531
24.8179
24.5775
24.4899
24.1171
23.3625
23.0133
21.8717
21.8717
21.2651
19.715
19.715
19.5176
18.9502
18.7101
18.555
18.2313
17.5159
17.4244
16.4376
16.4376
16.4168
16.2792
15.6944
15.5553
14.8764
14.174
14.174
13.7017
13.7017
13.3962
13.1823
12.647
12.1899
12.1651
11.9681
11.708
11.5388
11.4862
11.317
11.317
11.1355
11.0439
10.9068
10.8576
10.5879
10.5879
10.5879
10.4009
10.3868
9.86153
9.53879
9.37435
7.99214
7.99214
7.77378
7.61321
7.61321
5.52328
5.21662
5.14434
5.03928
5.03928
4.66035
4.66035
4.62681
4.60374
4.60374
4.60374
4.5702
4.54592
4.54592
4.51025
4.51025
4.46141
4.46141
4.44769
4.44769
4.40146
4.39544
4.33113
4.33113
4.27889
4.27889
4.27889
4.27889
4.27889
4.26534
4.26534
4.26534
4.26534
4.26534
4.26534
4.26534
4.26534
4.26534
4.26534
4.26534
4.26534
4.26534
4.26534
4.26534
4.26534
4.26534
4.26534
4.26534
4.26534
4.26534
4.26534
4.26534
4.26534
4.26534
4.26534
4.26534
4.26534
4.26534
4.26534
4.26534
4.26534
4.26534
4.26534
4.26534
4.26534
4.26534
4.26534
4.26534
4.26534
4.26534
4.26534
4.26534
4.26534
4.26534
4.26534
4.26534
4.26534
4.26534
4.26534
4.26534
4.26534
4.26534
4.26534
4.26534
4.26534
4.26534
4.26534
4.26534
4.26534
4.26534
4.26534
4.26534
4.26534
4.26534
4.26534
4.26534
4.26534
4.26534
4.26534
4.26534
4.26534
4.26534
4.26534
4.26534
4.26534
4.26534
4.26534
4.26534
4.26534
4.26534
4.26534
4.26534
4.26534
4.26534
4.26534
4.26534
4.26534
4.26534
4.26534
4.26534
4.26534
4.26534
4.26534
4.26534
4.26534
4.26534
4.26534
4.26534
4.26534
4.26534
4.26534
4.26534
4.26534
4.26534
4.26534
4.26534
4.26534
4.26534
4.26534
4.26534
4.26534
4.26534
4.26534
4.26534
4.26534
4.26534
4.26534
4.26534
4.26534
4.26534
4.26534
4.26534
4.26534
4.26534
4.26534
4.26534
4.26534
4.26534
4.26534
4.26534
4.26534
4.26534
4.26534
4.26534
4.26534
4.26534
4.26534
4.26534
4.26534
4.26534
4.26534
4.26534
4.26534
4.26534
4.26534
4.26534
4.26534
4.26534
4.26534
4.26534
4.26534
4.26534
4.26534
4.26534
4.26534
4.26534
4.26534
4.26534
4.26534
4.26534
4.26534
4.26534
4.26534
4.26534
4.26534
4.26534
4.26534
4.26534
4.26534
4.26534
4.26534
4.26534
4.26534
4.26534
4.26534
4.26534
4.26534
4.26534
4.26534
4.26534
4.26534
4.26534
4.26534
4.26534
4.26534
4.26534
4.26534
4.26534
4.26534
4.26534
4.26534
4.26534
4.26534
4.26534
4.26534
4.26534
4.26534
4.26534
4.26534
4.26534
4.26534
4.26534
4.26534
4.26534
4.26534
4.26534
4.26534
4.26534
4.26534
4.26534
4.26534
4.26534
4.26534
4.26534
4.26534
4.26534
4.26534
4.26534
4.26534
4.26534
4.26534
4.26534
4.26534
4.26534
4.26534
4.26534
4.26534
4.26534
4.26534
4.26534
4.26534
4.26534
4.26534
4.26534
4.26534
4.26534
4.26534
4.26534
4.26534
4.26534
4.26534
4.26534
4.26534
4.26534
4.26534
4.26534
4.26534
4.26534
4.26534
4.26534
4.26534
4.26534
4.26534
4.26534
4.26534
4.26534
4.26534
