608.39
566.946
530.433
519.16
505.623
491.168
478.684
453.378
444.227
440.809
417.113
417.113
414.233
399.544
391.179
382.562
370.992
364.992
359.541
351.041
345.05
335.191
330.773
326.76
322.139
316.885
310.915
299.104
295.337
290.873
285.539
281.32
278.11
271.463
260.273
260.273
248.208
235.16
231.423
231.423
227.587
221.855
217.088
216.27
211.635
211.092
206.983
201.163
200.383
197.137
194.897
190.506
186.189
183.107
180.583
175.59
174.764
172.093
167.514
165.22
160.339
157.003
154.397
151.657
149.123
144.915
144.004
142.642
139.687
136.829
135.228
130.991
126.971
126.384
125.419
120.339
119.798
118.365
118.365
115.452
114.222
112.331
110.646
108.697
105.025
105.025
102.201
101.936
98.8106
98.1037
96.2071
96.2071
92.7873
91.3854
91.0665
87.8783
87.8783
84.3117
81.2954
79.8669
78.7341
77.4985
75.7403
74.9851
73.8111
71.4522
70.0273
67.6303
66.1006
66.1006
63.6314
63.1908
58.2184
57.2603
55.7729
55.7729
53.6793
52.6668
52.1193
50.8224
48.7488
45.5162
44.7966
42.7082
42.2328
40.9624
40.1775
38.5824
37.6589
37.5237
36.6885
35.4233
35.4233
33.449
32.5475
31.6524
31.0846
31.0846
28.9664
28.9664
28.2486
27.6957
25.2564
24.6815
23.7655
23.131
22.1569
21.9412
20.6757
20.5028
19.7211
18.5551
18.5551
17.7738
17.1909
16.4921
16.0249
15.5996
15.2775
15.2092
14.5281
14.2546
13.3379
13.1886
12.8997
12.6379
12.0636
12.0636
11.9212
11.2565
10.984
10.8267
10.2709
9.99748
9.94054
9.94054
9.72483
9.72483
9.60925
9.48796
9.34631
9.27888
9.02306
8.89242
8.89242
8.20302
8.20302
8.20302
8.20302
8.14544
8.02532
8.00874
8.00874
8.00874
7.34579
7.34579
7.34579
7.10661
7.10661
7.10661
7.09189
7.09189
7.09189
7.04903
7.04373
7.03431
6.99883
6.99883
6.99883
6.99883
6.99883
6.99883
6.99883
6.99883
6.99883
6.99883
6.99883
6.99883
6.99883
6.99883
6.99883
6.99883
6.99883
6.99883
6.99883
6.99883
6.99883
6.99883
6.99883
6.99883
6.99883
6.99883
6.99883
6.99883
6.99883
6.99883
6.99883
6.99883
6.99883
6.99883
6.99883
6.99883
6.99883
6.99883
6.99883
6.99883
6.99883
6.99883
6.99883
6.99883
6.99883
6.99883
6.99883
6.99883
6.99883
6.99883
6.99883
6.99883
6.99883
6.99883
6.99883
6.99883
6.99883
6.99883
6.99883
6.99883
6.99883
6.99883
6.99883
6.99883
6.99883
6.99883
6.99883
6.99883
6.99883
6.99883
6.99883
6.99883
6.99883
6.99883
6.99883
6.99883
6.99883
6.99883
6.99883
6.99883
6.99883
6.99883
6.99883
6.99883
6.99883
6.99883
6.99883
6.99883
6.99883
6.99883
6.99883
6.99883
6.99883
6.99883
6.99883
6.99883
6.99883
6.99883
6.99883
6.99883
6.99883
6.99883
6.99883
6.99883
6.99883
6.99883
6.99883
6.99883
6.99883
6.99883
6.99883
6.99883
6.99883
6.99883
6.99883
6.99883
6.99883
6.99883
6.99883
6.99883
6.99883
6.99883
6.99883
6.99883
6.99883
6.99883
6.99883
6.99883
6.99883
6.99883
6.99883
6.99883
6.99883
6.99883
6.99883
6.99883
6.99883
6.99883
6.99883
6.99883
6.99883
6.99883
6.99883
6.99883
6.99883
6.99883
6.99883
6.99883
6.99883
6.99883
6.99883
6.99883
6.99883
6.99883
6.99883
6.99883
6.99883
6.99883
6.99883
6.99883
6.99883
6.99883
6.99883
6.99883
6.99883
6.99883
6.99883
6.99883
6.99883
6.99883
6.99883
6.99883
6.99883
6.99883
6.99883
6.99883
6.99883
6.99883
6.99883
6.99883
6.99883
6.99883
6.99883
6.99883
6.99883
6.99883
6.99883
6.99883
6.99883
6.99883
6.99883
6.99883
6.99883
6.99883
6.99883
6.99883
6.99883
6.99883
6.99883
6.99883
6.99883
6.99883
6.99883
6.99883
6.99883
6.99883
6.99883
6.99883
6.99883
6.99883
6.99883
6.99883
6.99883
6.99883
6.99883
6.99883
6.99883
6.99883
6.99883
6.99883
6.99883
6.99883
6.99883
6.99883
6.99883
6.99883
6.99883
6.99883
6.99883
6.99883
6.99883
6.99883
6.99883
6.99883
6.99883
6.99883
6.99883
6.99883
6.99883
6.99883
6.99883
6.99883
6.99883
6.99883
6.99883
6.99883
6.99883
6.99883
6.99883
6.99883
6.99883
6.99883
6.99883
6.99883
6.99883
6.99883
6.99883
6.99883
6.99883
6.99883
6.99883
6.99883
6.99883
6.99883
6.99883
6.99883
6.99883
6.99883
6.99883
6.99883
6.99883
6.99883
6.99883
6.99883
6.99883
6.99883
6.99883
6.99883
6.99883
6.99883
6.99883
6.99883
6.99883
6.99883
6.99883
6.99883
6.99883
6.99883
6.99883
6.99883
6.99883
6.99883
6.99883
6.99883
6.99883
6.99883
6.99883
6.99883
6.99883
6.99883
6.99883
6.99883
6.99883
6.99883
6.99883
6.99883
6.99883
6.99883
6.99883
6.99883
6.99883
6.99883
6.99883
6.99883
6.99883
6.99883
6.99883
6.99883
6.99883
6.99883
6.99883
6.99883
6.99883
6.99883
6.99883
6.99883
6.99883
6.99883
6.99883
6.99883
6.99883
6.99883
6.99883
6.99883
6.99883
6.99883
6.99883
6.99883
6.99883
6.99883
6.99883
6.99883
6.99883
6.99883
6.99883
6.99883
6.99883
6.99883
6.99883
6.99883
6.99883
6.99883
6.99883
6.99883
6.99883
6.99883
6.99883
6.99883
6.99883
6.99883
6.99883
6.99883
6.99883
6.99883
6.99883
6.99883
6.99883
6.99883
6.99883
6.99883
6.99883
6.99883
6.99883
6.99883
6.99883
6.99883
6.99883
6.99883
6.99883
6.99883
6.99883
6.99883
6.99883
6.99883
6.99883
6.99883
6.99883
6.99883
6.99883
6.99883
6.99883
6.99883
6.99883
6.99883
6.99883
6.99883
6.99883
6.99883
6.99883
6.99883
6.99883
6.99883
6.99883
6.99883
6.99883
6.99883
6.99883
6.99883
6.99883
6.99883
6.99883
6.99883
6.99883
6.99883
6.99883
6.99883
6.99883
6.99883
6.99883
6.99883
6.99883
6.99883
6.99883
6.99883
6.99883
6.99883
6.99883
6.99883
6.99883
6.99883
6.99883
6.99883
6.99883
6.99883
6.99883
6.99883
6.99883
6.99883
6.99883
6.99883
6.99883
6.99883
6.99883
6.99883
6.99883
6.99883
6.99883
6.99883
6.99883
6.99883
6.99883
6.99883
6.99883
6.99883
6.99883
6.99883
6.99883
6.99883
6.99883
6.99883
6.99883
6.99883
6.99883
6.99883
6.99883
6.99883
6.99883
6.99883
6.99883
6.99883
6.99883
6.99883
6.99883
6.99883
6.99883
6.99883
6.99883
6.99883
6.99883
6.99883
6.99883
6.99883
6.99883
6.99883
6.99883
6.99883
6.99883
6.99883
6.99883
6.99883
6.99883
6.99883
6.99883
6.99883
6.99883
6.99883
6.99883
6.99883
6.99883
6.99883
6.99883
6.99883
6.99883
6.99883
6.99883
6.99883
6.99883
6.99883
6.99883
6.99883
6.99883
6.99883
6.99883
6.99883
6.99883
6.99883
6.99883
6.99883
6.99883
6.99883
6.99883
6.99883
6.99883
6.99883
6.99883
6.99883
6.99883
6.99883
6.99883
6.99883
6.99883
6.99883
6.99883
6.99883
6.99883
6.99883
6.99883
6.99883
6.99883
6.99883
6.99883
6.99883
6.99883
6.99883
6.99883
6.99883
6.99883
6.99883
6.99883
6.99883
6.99883
6.99883
6.99883
6.99883
6.99883
6.99883
6.99883
6.99883
6.99883
6.99883
6.99883
6.99883
6.99883
6.99883
6.99883
6.99883
6.99883
6.99883
6.99883
6.99883
6.99883
6.99883
6.99883
6.99883
6.99883
6.99883
6.99883
6.99883
6.99883
6.99883
6.99883
6.99883
6.99883
6.99883
6.99883
6.99883
6.99883
6.99883
6.99883
6.99883
6.99883
6.99883
6.99883
6.99883
6.99883
6.99883
6.99883
6.99883
6.99883
6.99883
6.99883
6.99883
6.99883
6.99883
6.99883
6.99883
6.99883
6.99883
6.99883
6.99883
6.99883
6.99883
6.99883
6.99883
6.99883
6.99883
6.99883
6.99883
6.99883
6.99883
6.99883
6.99883
6.99883
6.99883
6.99883
6.99883
6.99883
6.99883
6.99883
6.99883
6.99883
6.99883
6.99883
6.99883
6.99883
6.99883
6.99883
6.99883
6.99883
6.99883
6.99883
6.99883
6.99883
6.99883
6.99883
6.99883
6.99883
6.99883
6.99883
6.99883
6.99883
6.99883
6.99883
6.99883
6.99883
6.99883
6.99883
6.99883
6.99883
6.99883
6.99883
6.99883
6.99883
6.99883
6.99883
6.99883
6.99883
6.99883
6.99883
6.99883
6.99883
6.99883
6.99883
6.99883
6.99883
6.99883
6.99883
6.99883
6.99883
6.99883
6.99883
6.99883
6.99883
6.99883
6.99883
6.99883
6.99883
6.99883
6.99883
6.99883
6.99883
6.99883
6.99883
6.99883
6.99883
6.99883
6.99883
6.99883
6.99883
6.99883
6537.628669
117->19->3->34->53->1->49->129->70->40->38->116->111->114->27->61->104->127->15->44->4->10->75->108->60->128->123->63->68->85->87->25->6->96->69->62->67->109->97->47->24->112->31->35->83->118->110->122->100->81->102->76->93->88->42->103->106->126->0->33->16->30->26->18->99->14->28->23->115->94->78->11->86->80->64->55->56->8->51->74->73->98->72->91->37->105->57->48->71->90->119->52->41->43->92->36->21->46->39->22->121->54->50->59->5->101->9->13->95->66->12->77->65->84->124->89->58->29->82->2->113->125->120->32->20->7->107->17->45->79
